<?xml version="1.0" encoding="UTF-8"?>
<!-- Generated by org.testng.reporters.JUnitReportReporter -->
<testsuite skipped="0" hostname="SP2BVDIW7DV0001" name="com.Banking.Test.LoginPageTest" tests="1" failures="0" timestamp="24 Dec 2019 09:28:42 GMT" time="6.373" errors="0">
  <testcase name="doLoginTest" time="6.373" classname="com.Banking.Test.LoginPageTest"/>
</testsuite> <!-- com.Banking.Test.LoginPageTest -->
